MIG: 17:15:53 : Running customizer.xit
MIG: 17:15:53 : ################# RUNNING MIG INTERACTIVE ###################
MIG: 17:15:53 : Writing IN file for 'mig_7series_0'...compDirPath: /home/Xilinx/Vivado/2018.1/data/ip/xilinx/mig_7series_v4_1... instDirPath: /home/tmitsuhashi/.Xil/Vivado-10325-bluewater01.localdomain/coregen/mig_7series_0
MIG: 17:15:53 : synp_flow:  -- synthesis_mode: Other
MIG: 17:15:53 : outputDirectory: /home/tmitsuhashi/.Xil/Vivado-10325-bluewater01.localdomain/coregen/mig_7series_0/_tmp/
MIG: 17:15:53 : vivado_mode: xpg_pa
MIG: 17:15:53 :  locked false  
MIG: 17:15:53 : HDL Language: Verilog
MIG: 17:15:53 : compInfo: true
MIG: 17:15:53 : relative mig path: coregen/ip/xilinx/other/com/xilinx/ip/mig_7series_v4_1/bin/lin64/mig
MIG: 17:15:53 : xilinx_path: /home/Xilinx/Vivado/2018.1/ids_lite/ISE
MIG: 17:15:53 : I am in catch area
MIG: 17:15:53 : Running /home/Xilinx/Vivado/2018.1/ids_lite/ISE/coregen/ip/xilinx/other/com/xilinx/ip/mig_7series_v4_1/bin/lin64/mig -cg_exc_inp /home/tmitsuhashi/.Xil/Vivado-10325-bluewater01.localdomain/coregen/mig_7series_0/xil_txt.in -cg_exc_out /home/tmitsuhashi/.Xil/Vivado-10325-bluewater01.localdomain/coregen/mig_7series_0/xil_txt.out ... 
MIG: 18:06:12 : Prasad before: xmlPropertyPrj --  .prj
MIG: 18:06:12 : Prasad After: xmlPropertyPrj -- mig_a.prj
MIG: 18:06:12 : XML_INPUT_FILE: /home/tmitsuhashi/.Xil/Vivado-10325-bluewater01.localdomain/coregen/mig_7series_0/mig_a.prj
MIG: 18:06:12 : Component_Name: mig_7series_0
MIG: 18:06:12 : Moving mig_7series_0 ...
MIG: 18:06:12 : Moving mig_7series_0.veo ...
MIG: 18:06:12 : Moving mig_7series_0_xmdf.tcl ...
MIG: 18:06:12 : Sending back 0
MIG: 18:06:13 : xml_input_file: mig_a.prj
MIG: 18:06:13 : Absolute path of xml_input_file: /home/tmitsuhashi/bin/vivado_h30/UDP_Image/UDP.srcs/sources_1/ip/mig_7series_0/mig_a.prj
MIG: 18:06:13 : xml_input_file: mig_a.prj
MIG: 18:06:13 : Absolute path of xml_input_file: /home/tmitsuhashi/bin/vivado_h30/UDP_Image/UDP.srcs/sources_1/ip/mig_7series_0/mig_a.prj
MIG: 18:06:13 : In updateAllModelParams
MIG: 18:06:13 : IGN:     <ModuleName>mig_7series_0</ModuleName> <==>     <ModuleName>mig_7series_0</ModuleName> 
MIG: 18:06:13 : IGN:         <InputClkFreq>100</InputClkFreq> <==>         <InputClkFreq>100</InputClkFreq> 
MIG: 18:06:13 : XGUI hdlLanguage: Verilog
MIG: 18:06:13 : xgui vivado_mode: xpg_pa
MIG: 18:06:13 : xgui hdlLanguage: Verilog -- hdlExt: v
MIG: 18:06:13 : Reading /home/tmitsuhashi/bin/vivado_h30/UDP_Image/UDP.srcs/sources_1/ip/mig_7series_0/mig_7series_0/user_design/rtl/mig_7series_0_mig.v ...
MIG: 18:06:14 : 1
MIG: 18:06:14 : Inside fn mem: DDR3
MIG: 18:06:14 : detect_uiclk: 100000000
MIG: 18:06:14 : cntrl:  memtype: DDR3
MIG: 18:06:14 : 800
MIG: 18:06:14 :  MMCM_VCO single ctrl param_name: MMCM_VCO --  possibleMaxVcoVal: 800 
MIG: 18:06:14 : 
MIG: 18:06:14 : 1
MIG: 18:06:14 : 100000000
MIG: 18:06:14 : 
MIG: 18:06:14 :  polarity_value: 0
MIG: 18:06:14 : ACTIVE_HIGH
MIG: 18:06:14 : 
MIG: 18:06:14 : cntrl:  memtype: DDR3
MIG: 18:06:14 : 
MIG: 18:06:14 :  Valid Param: DDR3_BANK_WIDTH ==> 3
MIG: 18:06:14 : 
MIG: 18:06:14 :  Valid Param: DDR3_CK_WIDTH ==> 1
MIG: 18:06:14 :  Invalid Param: DDR3_COL_WIDTH ==> 10
MIG: 18:06:14 : 
MIG: 18:06:14 :  Valid Param: DDR3_CS_WIDTH ==> 1
MIG: 18:06:14 : 
MIG: 18:06:14 :  Valid Param: DDR3_nCS_PER_RANK ==> 1
MIG: 18:06:14 : 
MIG: 18:06:14 :  Valid Param: DDR3_CKE_WIDTH ==> 1
MIG: 18:06:14 :  Invalid Param: DDR3_DATA_BUF_ADDR_WIDTH ==> 5
MIG: 18:06:14 :  Invalid Param: DDR3_DQ_CNT_WIDTH ==> 4
MIG: 18:06:14 :  Invalid Param: DDR3_DQ_PER_DM ==> 8
MIG: 18:06:14 : 2
MIG: 18:06:14 :  Valid Param: DDR3_DM_WIDTH ==> 2
MIG: 18:06:14 : 16
MIG: 18:06:14 :  Valid Param: DDR3_DQ_WIDTH ==> 16
MIG: 18:06:14 : 2
MIG: 18:06:14 :  Valid Param: DDR3_DQS_WIDTH ==> 2
MIG: 18:06:14 : 
MIG: 18:06:14 :  Valid Param: DDR3_DQS_CNT_WIDTH ==> 1
MIG: 18:06:14 :  Invalid Param: DDR3_DRAM_WIDTH ==> 8
MIG: 18:06:14 : 
MIG: 18:06:14 :  Valid Param: ECC ==> OFF
MIG: 18:06:14 : 16
MIG: 18:06:14 :  Valid Param: DDR3_DATA_WIDTH ==> 16
MIG: 18:06:14 :  Invalid Param: ECC_TEST ==> "OFF"
MIG: 18:06:14 :  Invalid Param: DDR3_PAYLOAD_WIDTH ==> (ECC_TEST == "OFF") ? DATA_WIDTH : DQ_WIDTH
MIG: 18:06:14 :  Invalid Param: DDR3_MEM_ADDR_ORDER ==> "BANK_ROW_COLUMN"
MIG: 18:06:14 :  Invalid Param: DDR3_nBANK_MACHS ==> 4
MIG: 18:06:14 :  Invalid Param: DDR3_RANKS ==> 1
MIG: 18:06:14 : 
MIG: 18:06:14 :  Valid Param: DDR3_ODT_WIDTH ==> 1
MIG: 18:06:14 : 15
MIG: 18:06:14 :  Valid Param: DDR3_ROW_WIDTH ==> 15
MIG: 18:06:14 : 29
MIG: 18:06:14 :  Valid Param: DDR3_ADDR_WIDTH ==> 29
MIG: 18:06:14 : 0
MIG: 18:06:14 :  Valid Param: DDR3_USE_CS_PORT ==> 0
MIG: 18:06:14 : 
MIG: 18:06:14 :  Valid Param: DDR3_USE_DM_PORT ==> 1
MIG: 18:06:14 : 
MIG: 18:06:14 :  Valid Param: DDR3_USE_ODT_PORT ==> 1
MIG: 18:06:14 :  Invalid Param: DDR3_IS_CLK_SHARED ==> "FALSE"
MIG: 18:06:14 :  Invalid Param: DDR3_PHY_CONTROL_MASTER_BANK ==> 0
MIG: 18:06:14 :  Invalid Param: DDR3_MEM_DENSITY ==> "4Gb"
MIG: 18:06:14 :  Invalid Param: DDR3_MEM_SPEEDGRADE ==> "125"
MIG: 18:06:14 :  Invalid Param: DDR3_MEM_DEVICE_WIDTH ==> 16
MIG: 18:06:14 :  Invalid Param: DDR3_AL ==> "0"
MIG: 18:06:14 :  Invalid Param: DDR3_nAL ==> 0
MIG: 18:06:14 :  Invalid Param: DDR3_BURST_MODE ==> "8"
MIG: 18:06:14 :  Invalid Param: DDR3_BURST_TYPE ==> "SEQ"
MIG: 18:06:14 :  Invalid Param: DDR3_CL ==> 6
MIG: 18:06:14 :  Invalid Param: DDR3_CWL ==> 5
MIG: 18:06:14 :  Invalid Param: DDR3_OUTPUT_DRV ==> "HIGH"
MIG: 18:06:14 :  Invalid Param: DDR3_RTT_NOM ==> "40"
MIG: 18:06:14 :  Invalid Param: DDR3_RTT_WR ==> "OFF"
MIG: 18:06:14 :  Invalid Param: DDR3_ADDR_CMD_MODE ==> "1T"
MIG: 18:06:14 : 
MIG: 18:06:14 :  Valid Param: DDR3_REG_CTRL ==> OFF
MIG: 18:06:14 :  Invalid Param: DDR3_CA_MIRROR ==> "OFF"
MIG: 18:06:14 :  Invalid Param: DDR3_VDD_OP_VOLT ==> "150"
MIG: 18:06:14 :  Invalid Param: DDR3_CLKIN_PERIOD ==> 10000
MIG: 18:06:14 :  Invalid Param: DDR3_CLKFBOUT_MULT ==> 8
MIG: 18:06:14 :  Invalid Param: DDR3_DIVCLK_DIVIDE ==> 1
MIG: 18:06:14 :  Invalid Param: DDR3_CLKOUT0_PHASE ==> 0.0
MIG: 18:06:14 :  Invalid Param: DDR3_CLKOUT0_DIVIDE ==> 1
MIG: 18:06:14 :  Invalid Param: DDR3_CLKOUT1_DIVIDE ==> 2
MIG: 18:06:14 :  Invalid Param: DDR3_CLKOUT2_DIVIDE ==> 32
MIG: 18:06:14 :  Invalid Param: DDR3_CLKOUT3_DIVIDE ==> 8
MIG: 18:06:14 :  Invalid Param: DDR3_MMCM_VCO ==> 800
MIG: 18:06:14 :  Invalid Param: DDR3_MMCM_MULT_F ==> 8
MIG: 18:06:14 :  Invalid Param: DDR3_MMCM_DIVCLK_DIVIDE ==> 1
MIG: 18:06:14 :  Invalid Param: DDR3_tCKE ==> 5000
MIG: 18:06:14 :  Invalid Param: DDR3_tFAW ==> 40000
MIG: 18:06:14 :  Invalid Param: DDR3_tPRDI ==> 1_000_000
MIG: 18:06:14 :  Invalid Param: DDR3_tRAS ==> 35000
MIG: 18:06:14 :  Invalid Param: DDR3_tRCD ==> 13750
MIG: 18:06:14 :  Invalid Param: DDR3_tREFI ==> 7800000
MIG: 18:06:14 :  Invalid Param: DDR3_tRFC ==> 260000
MIG: 18:06:14 :  Invalid Param: DDR3_tRP ==> 13750
MIG: 18:06:14 :  Invalid Param: DDR3_tRRD ==> 7500
MIG: 18:06:14 :  Invalid Param: DDR3_tRTP ==> 7500
MIG: 18:06:14 :  Invalid Param: DDR3_tWTR ==> 7500
MIG: 18:06:14 :  Invalid Param: DDR3_tZQI ==> 128_000_000
MIG: 18:06:14 :  Invalid Param: DDR3_tZQCS ==> 64
MIG: 18:06:14 :  Invalid Param: DDR3_SIM_BYPASS_INIT_CAL ==> "OFF"
MIG: 18:06:14 :  Invalid Param: DDR3_SIMULATION ==> "FALSE"
MIG: 18:06:14 :  Invalid Param: DDR3_BYTE_LANES_B0 ==> 4'b1111
MIG: 18:06:14 :  Invalid Param: DDR3_BYTE_LANES_B1 ==> 4'b0000
MIG: 18:06:14 :  Invalid Param: DDR3_BYTE_LANES_B2 ==> 4'b0000
MIG: 18:06:14 :  Invalid Param: DDR3_BYTE_LANES_B3 ==> 4'b0000
MIG: 18:06:14 :  Invalid Param: DDR3_BYTE_LANES_B4 ==> 4'b0000
MIG: 18:06:14 :  Invalid Param: DDR3_DATA_CTL_B0 ==> 4'b1100
MIG: 18:06:14 :  Invalid Param: DDR3_DATA_CTL_B1 ==> 4'b0000
MIG: 18:06:14 :  Invalid Param: DDR3_DATA_CTL_B2 ==> 4'b0000
MIG: 18:06:14 :  Invalid Param: DDR3_DATA_CTL_B3 ==> 4'b0000
MIG: 18:06:14 :  Invalid Param: DDR3_DATA_CTL_B4 ==> 4'b0000
MIG: 18:06:14 :  Invalid Param: DDR3_PHY_0_BITLANES ==> 48'h3F7_3FE_FFF_BFF
MIG: 18:06:14 :  Invalid Param: DDR3_PHY_1_BITLANES ==> 48'h000_000_000_000
MIG: 18:06:14 :  Invalid Param: DDR3_PHY_2_BITLANES ==> 48'h000_000_000_000
MIG: 18:06:14 :  Invalid Param: DDR3_CK_BYTE_MAP ==> 144'h00_00_00_00_00_00_00_00_00_00_00_00_00_00_00_00_00_00
MIG: 18:06:14 :  Invalid Param: DDR3_ADDR_MAP ==> 192'h000_001_005_009_000_011_007_003_004_008_006_00B_01B_015_002_014
MIG: 18:06:14 :  Invalid Param: DDR3_BANK_MAP ==> 36'h010_013_017
MIG: 18:06:14 :  Invalid Param: DDR3_CAS_MAP ==> 12'h016
MIG: 18:06:14 :  Invalid Param: DDR3_CKE_ODT_BYTE_MAP ==> 8'h00
MIG: 18:06:14 :  Invalid Param: DDR3_CKE_MAP ==> 96'h000_000_000_000_000_000_000_012
MIG: 18:06:14 :  Invalid Param: DDR3_ODT_MAP ==> 96'h000_000_000_000_000_000_000_019
MIG: 18:06:14 :  Invalid Param: DDR3_CS_MAP ==> 120'h000_000_000_000_000_000_000_000_000_000
MIG: 18:06:14 :  Invalid Param: DDR3_PARITY_MAP ==> 12'h000
MIG: 18:06:14 :  Invalid Param: DDR3_RAS_MAP ==> 12'h018
MIG: 18:06:14 :  Invalid Param: DDR3_WE_MAP ==> 12'h01A
MIG: 18:06:14 :  Invalid Param: DDR3_DQS_BYTE_MAP ==> 144'h00_00_00_00_00_00_00_00_00_00_00_00_00_00_00_00_03_02
MIG: 18:06:14 :  Invalid Param: DDR3_DATA0_MAP ==> 96'h025_027_023_029_028_024_021_026
MIG: 18:06:14 :  Invalid Param: DDR3_DATA1_MAP ==> 96'h039_035_038_037_034_031_036_030
MIG: 18:06:14 :  Invalid Param: DDR3_DATA2_MAP ==> 96'h000_000_000_000_000_000_000_000
MIG: 18:06:14 :  Invalid Param: DDR3_DATA3_MAP ==> 96'h000_000_000_000_000_000_000_000
MIG: 18:06:14 :  Invalid Param: DDR3_DATA4_MAP ==> 96'h000_000_000_000_000_000_000_000
MIG: 18:06:14 :  Invalid Param: DDR3_DATA5_MAP ==> 96'h000_000_000_000_000_000_000_000
MIG: 18:06:14 :  Invalid Param: DDR3_DATA6_MAP ==> 96'h000_000_000_000_000_000_000_000
MIG: 18:06:14 :  Invalid Param: DDR3_DATA7_MAP ==> 96'h000_000_000_000_000_000_000_000
MIG: 18:06:14 :  Invalid Param: DDR3_DATA8_MAP ==> 96'h000_000_000_000_000_000_000_000
MIG: 18:06:14 :  Invalid Param: DDR3_DATA9_MAP ==> 96'h000_000_000_000_000_000_000_000
MIG: 18:06:14 :  Invalid Param: DDR3_DATA10_MAP ==> 96'h000_000_000_000_000_000_000_000
MIG: 18:06:14 :  Invalid Param: DDR3_DATA11_MAP ==> 96'h000_000_000_000_000_000_000_000
MIG: 18:06:14 :  Invalid Param: DDR3_DATA12_MAP ==> 96'h000_000_000_000_000_000_000_000
MIG: 18:06:14 :  Invalid Param: DDR3_DATA13_MAP ==> 96'h000_000_000_000_000_000_000_000
MIG: 18:06:14 :  Invalid Param: DDR3_DATA14_MAP ==> 96'h000_000_000_000_000_000_000_000
MIG: 18:06:14 :  Invalid Param: DDR3_DATA15_MAP ==> 96'h000_000_000_000_000_000_000_000
MIG: 18:06:14 :  Invalid Param: DDR3_DATA16_MAP ==> 96'h000_000_000_000_000_000_000_000
MIG: 18:06:14 :  Invalid Param: DDR3_DATA17_MAP ==> 96'h000_000_000_000_000_000_000_000
MIG: 18:06:14 :  Invalid Param: DDR3_MASK0_MAP ==> 108'h000_000_000_000_000_000_000_032_022
MIG: 18:06:14 :  Invalid Param: DDR3_MASK1_MAP ==> 108'h000_000_000_000_000_000_000_000_000
MIG: 18:06:14 :  Invalid Param: DDR3_SLOT_0_CONFIG ==> 8'b0000_0001
MIG: 18:06:14 :  Invalid Param: DDR3_SLOT_1_CONFIG ==> 8'b0000_0000
MIG: 18:06:14 :  Invalid Param: DDR3_IBUF_LPWR_MODE ==> "OFF"
MIG: 18:06:14 :  Invalid Param: DDR3_DATA_IO_IDLE_PWRDWN ==> "ON"
MIG: 18:06:14 :  Invalid Param: DDR3_BANK_TYPE ==> "HR_IO"
MIG: 18:06:14 :  Invalid Param: DDR3_DATA_IO_PRIM_TYPE ==> "HR_LP"
MIG: 18:06:14 :  Invalid Param: DDR3_CKE_ODT_AUX ==> "FALSE"
MIG: 18:06:14 :  Invalid Param: DDR3_USER_REFRESH ==> "OFF"
MIG: 18:06:14 :  Invalid Param: DDR3_WRLVL ==> "ON"
MIG: 18:06:14 :  Invalid Param: DDR3_ORDERING ==> "NORM"
MIG: 18:06:14 :  Invalid Param: DDR3_CALIB_ROW_ADD ==> 16'h0000
MIG: 18:06:14 :  Invalid Param: DDR3_CALIB_COL_ADD ==> 12'h000
MIG: 18:06:14 :  Invalid Param: DDR3_CALIB_BA_ADD ==> 3'h0
MIG: 18:06:14 :  Invalid Param: DDR3_TCQ ==> 100
MIG: 18:06:14 :  Invalid Param: DDR3_IDELAY_ADJ ==> "OFF"
MIG: 18:06:14 :  Invalid Param: DDR3_FINE_PER_BIT ==> "OFF"
MIG: 18:06:14 :  Invalid Param: DDR3_CENTER_COMP_MODE ==> "OFF"
MIG: 18:06:14 :  Invalid Param: DDR3_PI_VAL_ADJ ==> "OFF"
MIG: 18:06:14 :  Invalid Param: DDR3_IODELAY_GRP0 ==> "MIG_7SERIES_0_IODELAY_MIG0"
MIG: 18:06:14 :  Invalid Param: DDR3_IODELAY_GRP1 ==> "MIG_7SERIES_0_IODELAY_MIG1"
MIG: 18:06:14 :  Invalid Param: DDR3_SYSCLK_TYPE ==> "SINGLE_ENDED"
MIG: 18:06:14 :  Invalid Param: DDR3_REFCLK_TYPE ==> "NO_BUFFER"
MIG: 18:06:14 :  Invalid Param: DDR3_SYS_RST_PORT ==> "FALSE"
MIG: 18:06:14 :  Invalid Param: DDR3_FPGA_SPEED_GRADE ==> 1
MIG: 18:06:14 :  Invalid Param: DDR3_CMD_PIPE_PLUS1 ==> "ON"
MIG: 18:06:14 :  Invalid Param: DDR3_DRAM_TYPE ==> "DDR3"
MIG: 18:06:14 :  Invalid Param: DDR3_CAL_WIDTH ==> "HALF"
MIG: 18:06:14 :  Invalid Param: DDR3_STARVE_LIMIT ==> 2
MIG: 18:06:14 :  Invalid Param: DDR3_REF_CLK_MMCM_IODELAY_CTRL ==> "FALSE"
MIG: 18:06:14 :  Invalid Param: DDR3_REFCLK_FREQ ==> 200.0
MIG: 18:06:14 :  Invalid Param: DDR3_DIFF_TERM_REFCLK ==> "TRUE"
MIG: 18:06:14 :  Invalid Param: DDR3_tCK ==> 2500
MIG: 18:06:14 : 4
MIG: 18:06:14 :  Valid Param: DDR3_nCK_PER_CLK ==> 4
MIG: 18:06:14 :  Invalid Param: DDR3_DIFF_TERM_SYSCLK ==> "TRUE"
MIG: 18:06:14 : 
MIG: 18:06:14 :  Valid Param: UI_EXTRA_CLOCKS ==> FALSE
MIG: 18:06:14 : 2
MIG: 18:06:14 :  Valid Param: C_S_AXI_ID_WIDTH ==> 2
MIG: 18:06:14 : 536870912
MIG: 18:06:14 :  Valid Param: C_S_AXI_MEM_SIZE ==> 536870912
MIG: 18:06:14 : 29
MIG: 18:06:14 :  Valid Param: C_S_AXI_ADDR_WIDTH ==> 29
MIG: 18:06:14 : 
MIG: 18:06:14 :  Valid Param: C_S_AXI_DATA_WIDTH ==> 32
MIG: 18:06:14 :  Invalid Param: DDR3_C_MC_nCK_PER_CLK ==> 4
MIG: 18:06:14 :  Invalid Param: C_S_AXI_SUPPORTS_NARROW_BURST ==> 0
MIG: 18:06:14 :  Invalid Param: DDR3_C_RD_WR_ARB_ALGORITHM ==> "RD_PRI_REG"
MIG: 18:06:14 :  Invalid Param: C_S_AXI_REG_EN0 ==> 20'h00000
MIG: 18:06:14 :  Invalid Param: C_S_AXI_REG_EN1 ==> 20'h00000
MIG: 18:06:14 : 
MIG: 18:06:14 :  Valid Param: C_S_AXI_CTRL_ADDR_WIDTH ==> 32
MIG: 18:06:14 : 
MIG: 18:06:14 :  Valid Param: C_S_AXI_CTRL_DATA_WIDTH ==> 32
MIG: 18:06:14 :  Invalid Param: C_S_AXI_BASEADDR ==> 32'h0000_0000
MIG: 18:06:14 :  Invalid Param: C_ECC_ONOFF_RESET_VALUE ==> 1
MIG: 18:06:14 :  Invalid Param: C_ECC_CE_COUNTER_WIDTH ==> 8
MIG: 18:06:14 : 
MIG: 18:06:14 :  Valid Param: DDR3_DEBUG_PORT ==> OFF
MIG: 18:06:14 : 
MIG: 18:06:14 :  Invalid Param: DDR3_TEMP_MON_CONTROL ==> "INTERNAL"
MIG: 18:06:14 :  Invalid Param: DDR3_FPGA_VOLT_TYPE ==> "N"
MIG: 18:06:14 :  Invalid Param: DDR3_RST_ACT_LOW ==> 0
MIG: 18:06:14 : SINGLE
MIG: 18:06:14 : NOBUF
MIG: 18:06:14 : 
MIG: 18:06:14 : Same Interface
MIG: 18:06:19 : Running synthesis.xit
MIG: 18:06:19 : IGN:     <ModuleName>mig_7series_0</ModuleName> <==>     <ModuleName>mig_7series_0</ModuleName> 
MIG: 18:06:19 : IGN:         <InputClkFreq>100</InputClkFreq> <==>         <InputClkFreq>100</InputClkFreq> 
MIG: 18:06:19 : Running vlog_synth_rpr.xit
MIG: 18:06:19 : IGN:     <ModuleName>mig_7series_0</ModuleName> <==>     <ModuleName>mig_7series_0</ModuleName> 
MIG: 18:06:19 : IGN:         <InputClkFreq>100</InputClkFreq> <==>         <InputClkFreq>100</InputClkFreq> 
MIG: 18:06:20 : Running simulation.xit
MIG: 18:06:20 : IGN:     <ModuleName>mig_7series_0</ModuleName> <==>     <ModuleName>mig_7series_0</ModuleName> 
MIG: 18:06:20 : IGN:         <InputClkFreq>100</InputClkFreq> <==>         <InputClkFreq>100</InputClkFreq> 
MIG: 18:06:20 : Running vlog_sim_rpr.xit .. PRASAD DBG1
MIG: 18:06:20 : IGN:     <ModuleName>mig_7series_0</ModuleName> <==>     <ModuleName>mig_7series_0</ModuleName> 
MIG: 18:06:20 : IGN:         <InputClkFreq>100</InputClkFreq> <==>         <InputClkFreq>100</InputClkFreq> 
MIG: 18:06:20 : Running implementation.xit
MIG: 18:06:20 : IGN:     <ModuleName>mig_7series_0</ModuleName> <==>     <ModuleName>mig_7series_0</ModuleName> 
MIG: 18:06:20 : IGN:         <InputClkFreq>100</InputClkFreq> <==>         <InputClkFreq>100</InputClkFreq> 
MIG: 16:10:12 : xml_input_file: mig_a.prj
MIG: 16:10:12 : Absolute path of xml_input_file: /home/tmitsuhashi/bin/vivado_h30/UDP_Image/UDP.srcs/sources_1/ip/mig_7series_0/mig_a.prj
MIG: 16:10:12 : xml_input_file: mig_a.prj
MIG: 16:10:12 : Absolute path of xml_input_file: /home/tmitsuhashi/bin/vivado_h30/UDP_Image/UDP.srcs/sources_1/ip/mig_7series_0/mig_a.prj
MIG: 17:43:49 : xml_input_file: mig_a.prj
MIG: 17:43:49 : Absolute path of xml_input_file: /home/tmitsuhashi/bin/vivado_h30/UDP_Image/UDP.srcs/sources_1/ip/mig_7series_0/mig_a.prj
MIG: 17:43:49 : xml_input_file: mig_a.prj
MIG: 17:43:49 : Absolute path of xml_input_file: /home/tmitsuhashi/bin/vivado_h30/UDP_Image/UDP.srcs/sources_1/ip/mig_7series_0/mig_a.prj
MIG: 16:13:42 : xml_input_file: mig_a.prj
MIG: 16:13:42 : Absolute path of xml_input_file: /home/tmitsuhashi/bin/vivado_h30/UDP_Image/UDP.srcs/sources_1/ip/mig_7series_0/mig_a.prj
MIG: 16:13:42 : xml_input_file: mig_a.prj
MIG: 16:13:42 : Absolute path of xml_input_file: /home/tmitsuhashi/bin/vivado_h30/UDP_Image/UDP.srcs/sources_1/ip/mig_7series_0/mig_a.prj
MIG: 19:36:14 : xml_input_file: mig_a.prj
MIG: 19:36:14 : Absolute path of xml_input_file: /home/tmitsuhashi/bin/vivado_h30/UDP_Image/UDP.srcs/sources_1/ip/mig_7series_0/mig_a.prj
MIG: 19:36:15 : xml_input_file: mig_a.prj
MIG: 19:36:15 : Absolute path of xml_input_file: /home/tmitsuhashi/bin/vivado_h30/UDP_Image/UDP.srcs/sources_1/ip/mig_7series_0/mig_a.prj
MIG: 17:30:18 : xml_input_file: mig_a.prj
MIG: 17:30:18 : Absolute path of xml_input_file: /home/tmitsuhashi/bin/vivado_h30/UDP_Image/UDP.srcs/sources_1/ip/mig_7series_0/mig_a.prj
MIG: 17:30:18 : xml_input_file: mig_a.prj
MIG: 17:30:18 : Absolute path of xml_input_file: /home/tmitsuhashi/bin/vivado_h30/UDP_Image/UDP.srcs/sources_1/ip/mig_7series_0/mig_a.prj
MIG: 17:30:20 : Running customizer.xit
MIG: 17:30:20 : ################# RUNNING MIG INTERACTIVE ###################
MIG: 17:30:20 : Writing IN file for 'mig_7series_0'...compDirPath: /home/Xilinx/Vivado/2018.1/data/ip/xilinx/mig_7series_v4_1... instDirPath: /home/tmitsuhashi/.Xil/Vivado-3300-bluewater01.localdomain/coregen/mig_7series_0
MIG: 17:30:20 : synp_flow:  -- synthesis_mode: Other
MIG: 17:30:20 : outputDirectory: /home/tmitsuhashi/.Xil/Vivado-3300-bluewater01.localdomain/coregen/mig_7series_0/_tmp/
MIG: 17:30:20 : vivado_mode: xpg_pa
MIG: 17:30:20 :  locked false  
MIG: 17:30:20 : HDL Language: Verilog
MIG: 17:30:20 : compInfo: false
MIG: 17:30:20 : Vivado Options xc7a200t sbg484 -1
MIG: 17:30:20 : 1: xc7a200t 2: sbg484 3: -1
MIG: 17:30:20 : relative mig path: coregen/ip/xilinx/other/com/xilinx/ip/mig_7series_v4_1/bin/lin64/mig
MIG: 17:30:20 : xilinx_path: /home/Xilinx/Vivado/2018.1/ids_lite/ISE
MIG: 17:30:20 : I am in catch area
MIG: 17:30:20 : Running /home/Xilinx/Vivado/2018.1/ids_lite/ISE/coregen/ip/xilinx/other/com/xilinx/ip/mig_7series_v4_1/bin/lin64/mig -cg_exc_inp /home/tmitsuhashi/.Xil/Vivado-3300-bluewater01.localdomain/coregen/mig_7series_0/xil_txt.in -cg_exc_out /home/tmitsuhashi/.Xil/Vivado-3300-bluewater01.localdomain/coregen/mig_7series_0/xil_txt.out ... 
MIG: 17:35:14 : Prasad before: xmlPropertyPrj -- mig_a.prj
MIG: 17:35:14 : Prasad After: xmlPropertyPrj -- mig_b.prj
MIG: 17:35:14 : XML_INPUT_FILE: /home/tmitsuhashi/.Xil/Vivado-3300-bluewater01.localdomain/coregen/mig_7series_0/mig_b.prj
MIG: 17:35:14 : Component_Name: mig_7series_0
MIG: 17:35:14 : Moving mig_7series_0 ...
MIG: 17:35:14 : Moving mig_7series_0.veo ...
MIG: 17:35:14 : Moving mig_7series_0_xmdf.tcl ...
MIG: 17:35:14 : Sending back 0
MIG: 17:35:14 : xml_input_file: mig_b.prj
MIG: 17:35:14 : Absolute path of xml_input_file: /home/tmitsuhashi/bin/vivado_h30/UDP_Image/UDP.srcs/sources_1/ip/mig_7series_0/mig_b.prj
MIG: 17:35:14 : xml_input_file: mig_b.prj
MIG: 17:35:14 : Absolute path of xml_input_file: /home/tmitsuhashi/bin/vivado_h30/UDP_Image/UDP.srcs/sources_1/ip/mig_7series_0/mig_b.prj
MIG: 17:35:14 : In updateAllModelParams
MIG: 17:35:14 : IGN:     <ModuleName>mig_7series_0</ModuleName> <==>     <ModuleName>mig_7series_0</ModuleName> 
MIG: 17:35:14 : IGN:         <InputClkFreq>100</InputClkFreq> <==>         <InputClkFreq>100</InputClkFreq> 
MIG: 17:35:14 : XGUI hdlLanguage: Verilog
MIG: 17:35:14 : xgui vivado_mode: xpg_pa
MIG: 17:35:14 : xgui hdlLanguage: Verilog -- hdlExt: v
MIG: 17:35:14 : Reading /home/tmitsuhashi/bin/vivado_h30/UDP_Image/UDP.srcs/sources_1/ip/mig_7series_0/mig_7series_0/user_design/rtl/mig_7series_0_mig.v ...
MIG: 17:35:15 : 
MIG: 17:35:15 : Inside fn mem: DDR3
MIG: 17:35:15 : detect_uiclk: 100000000
MIG: 17:35:15 : cntrl:  memtype: DDR3
MIG: 17:35:15 : 
MIG: 17:35:15 :  MMCM_VCO single ctrl param_name: MMCM_VCO --  possibleMaxVcoVal: 800 
MIG: 17:35:15 : 
MIG: 17:35:15 : 
MIG: 17:35:15 : 
MIG: 17:35:15 : 
MIG: 17:35:15 :  polarity_value: 0
MIG: 17:35:15 : 
MIG: 17:35:15 : 
MIG: 17:35:15 : cntrl:  memtype: DDR3
MIG: 17:35:15 : 
MIG: 17:35:15 :  Valid Param: DDR3_BANK_WIDTH ==> 3
MIG: 17:35:15 : 
MIG: 17:35:15 :  Valid Param: DDR3_CK_WIDTH ==> 1
MIG: 17:35:15 :  Invalid Param: DDR3_COL_WIDTH ==> 10
MIG: 17:35:15 : 
MIG: 17:35:15 :  Valid Param: DDR3_CS_WIDTH ==> 1
MIG: 17:35:15 : 
MIG: 17:35:15 :  Valid Param: DDR3_nCS_PER_RANK ==> 1
MIG: 17:35:15 : 
MIG: 17:35:15 :  Valid Param: DDR3_CKE_WIDTH ==> 1
MIG: 17:35:15 :  Invalid Param: DDR3_DATA_BUF_ADDR_WIDTH ==> 5
MIG: 17:35:15 :  Invalid Param: DDR3_DQ_CNT_WIDTH ==> 4
MIG: 17:35:15 :  Invalid Param: DDR3_DQ_PER_DM ==> 8
MIG: 17:35:15 : 
MIG: 17:35:15 :  Valid Param: DDR3_DM_WIDTH ==> 2
MIG: 17:35:15 : 
MIG: 17:35:15 :  Valid Param: DDR3_DQ_WIDTH ==> 16
MIG: 17:35:15 : 
MIG: 17:35:15 :  Valid Param: DDR3_DQS_WIDTH ==> 2
MIG: 17:35:15 : 
MIG: 17:35:15 :  Valid Param: DDR3_DQS_CNT_WIDTH ==> 1
MIG: 17:35:15 :  Invalid Param: DDR3_DRAM_WIDTH ==> 8
MIG: 17:35:15 : 
MIG: 17:35:15 :  Valid Param: ECC ==> OFF
MIG: 17:35:15 : 
MIG: 17:35:15 :  Valid Param: DDR3_DATA_WIDTH ==> 16
MIG: 17:35:15 :  Invalid Param: ECC_TEST ==> "OFF"
MIG: 17:35:15 :  Invalid Param: DDR3_PAYLOAD_WIDTH ==> (ECC_TEST == "OFF") ? DATA_WIDTH : DQ_WIDTH
MIG: 17:35:15 :  Invalid Param: DDR3_MEM_ADDR_ORDER ==> "BANK_ROW_COLUMN"
MIG: 17:35:15 :  Invalid Param: DDR3_nBANK_MACHS ==> 4
MIG: 17:35:15 :  Invalid Param: DDR3_RANKS ==> 1
MIG: 17:35:15 : 
MIG: 17:35:15 :  Valid Param: DDR3_ODT_WIDTH ==> 1
MIG: 17:35:15 : 
MIG: 17:35:15 :  Valid Param: DDR3_ROW_WIDTH ==> 15
MIG: 17:35:15 : 
MIG: 17:35:15 :  Valid Param: DDR3_ADDR_WIDTH ==> 29
MIG: 17:35:15 : 
MIG: 17:35:15 :  Valid Param: DDR3_USE_CS_PORT ==> 0
MIG: 17:35:15 : 
MIG: 17:35:15 :  Valid Param: DDR3_USE_DM_PORT ==> 1
MIG: 17:35:15 : 
MIG: 17:35:15 :  Valid Param: DDR3_USE_ODT_PORT ==> 1
MIG: 17:35:15 :  Invalid Param: DDR3_IS_CLK_SHARED ==> "FALSE"
MIG: 17:35:15 :  Invalid Param: DDR3_PHY_CONTROL_MASTER_BANK ==> 0
MIG: 17:35:15 :  Invalid Param: DDR3_MEM_DENSITY ==> "4Gb"
MIG: 17:35:15 :  Invalid Param: DDR3_MEM_SPEEDGRADE ==> "125"
MIG: 17:35:15 :  Invalid Param: DDR3_MEM_DEVICE_WIDTH ==> 16
MIG: 17:35:15 :  Invalid Param: DDR3_AL ==> "0"
MIG: 17:35:15 :  Invalid Param: DDR3_nAL ==> 0
MIG: 17:35:15 :  Invalid Param: DDR3_BURST_MODE ==> "8"
MIG: 17:35:15 :  Invalid Param: DDR3_BURST_TYPE ==> "SEQ"
MIG: 17:35:15 :  Invalid Param: DDR3_CL ==> 6
MIG: 17:35:15 :  Invalid Param: DDR3_CWL ==> 5
MIG: 17:35:15 :  Invalid Param: DDR3_OUTPUT_DRV ==> "HIGH"
MIG: 17:35:15 :  Invalid Param: DDR3_RTT_NOM ==> "40"
MIG: 17:35:15 :  Invalid Param: DDR3_RTT_WR ==> "OFF"
MIG: 17:35:15 :  Invalid Param: DDR3_ADDR_CMD_MODE ==> "1T"
MIG: 17:35:15 : 
MIG: 17:35:15 :  Valid Param: DDR3_REG_CTRL ==> OFF
MIG: 17:35:15 :  Invalid Param: DDR3_CA_MIRROR ==> "OFF"
MIG: 17:35:15 :  Invalid Param: DDR3_VDD_OP_VOLT ==> "150"
MIG: 17:35:15 :  Invalid Param: DDR3_CLKIN_PERIOD ==> 10000
MIG: 17:35:15 :  Invalid Param: DDR3_CLKFBOUT_MULT ==> 8
MIG: 17:35:15 :  Invalid Param: DDR3_DIVCLK_DIVIDE ==> 1
MIG: 17:35:15 :  Invalid Param: DDR3_CLKOUT0_PHASE ==> 0.0
MIG: 17:35:15 :  Invalid Param: DDR3_CLKOUT0_DIVIDE ==> 1
MIG: 17:35:15 :  Invalid Param: DDR3_CLKOUT1_DIVIDE ==> 2
MIG: 17:35:15 :  Invalid Param: DDR3_CLKOUT2_DIVIDE ==> 32
MIG: 17:35:15 :  Invalid Param: DDR3_CLKOUT3_DIVIDE ==> 8
MIG: 17:35:15 :  Invalid Param: DDR3_MMCM_VCO ==> 800
MIG: 17:35:15 :  Invalid Param: DDR3_MMCM_MULT_F ==> 8
MIG: 17:35:15 :  Invalid Param: DDR3_MMCM_DIVCLK_DIVIDE ==> 1
MIG: 17:35:15 :  Invalid Param: DDR3_tCKE ==> 5000
MIG: 17:35:15 :  Invalid Param: DDR3_tFAW ==> 40000
MIG: 17:35:15 :  Invalid Param: DDR3_tPRDI ==> 1_000_000
MIG: 17:35:15 :  Invalid Param: DDR3_tRAS ==> 35000
MIG: 17:35:15 :  Invalid Param: DDR3_tRCD ==> 13750
MIG: 17:35:15 :  Invalid Param: DDR3_tREFI ==> 7800000
MIG: 17:35:15 :  Invalid Param: DDR3_tRFC ==> 260000
MIG: 17:35:15 :  Invalid Param: DDR3_tRP ==> 13750
MIG: 17:35:15 :  Invalid Param: DDR3_tRRD ==> 7500
MIG: 17:35:15 :  Invalid Param: DDR3_tRTP ==> 7500
MIG: 17:35:15 :  Invalid Param: DDR3_tWTR ==> 7500
MIG: 17:35:15 :  Invalid Param: DDR3_tZQI ==> 128_000_000
MIG: 17:35:15 :  Invalid Param: DDR3_tZQCS ==> 64
MIG: 17:35:15 :  Invalid Param: DDR3_SIM_BYPASS_INIT_CAL ==> "OFF"
MIG: 17:35:15 :  Invalid Param: DDR3_SIMULATION ==> "FALSE"
MIG: 17:35:15 :  Invalid Param: DDR3_BYTE_LANES_B0 ==> 4'b1111
MIG: 17:35:15 :  Invalid Param: DDR3_BYTE_LANES_B1 ==> 4'b0000
MIG: 17:35:15 :  Invalid Param: DDR3_BYTE_LANES_B2 ==> 4'b0000
MIG: 17:35:15 :  Invalid Param: DDR3_BYTE_LANES_B3 ==> 4'b0000
MIG: 17:35:15 :  Invalid Param: DDR3_BYTE_LANES_B4 ==> 4'b0000
MIG: 17:35:15 :  Invalid Param: DDR3_DATA_CTL_B0 ==> 4'b1100
MIG: 17:35:15 :  Invalid Param: DDR3_DATA_CTL_B1 ==> 4'b0000
MIG: 17:35:15 :  Invalid Param: DDR3_DATA_CTL_B2 ==> 4'b0000
MIG: 17:35:15 :  Invalid Param: DDR3_DATA_CTL_B3 ==> 4'b0000
MIG: 17:35:15 :  Invalid Param: DDR3_DATA_CTL_B4 ==> 4'b0000
MIG: 17:35:15 :  Invalid Param: DDR3_PHY_0_BITLANES ==> 48'h3F7_3FE_FFF_BFF
MIG: 17:35:15 :  Invalid Param: DDR3_PHY_1_BITLANES ==> 48'h000_000_000_000
MIG: 17:35:15 :  Invalid Param: DDR3_PHY_2_BITLANES ==> 48'h000_000_000_000
MIG: 17:35:15 :  Invalid Param: DDR3_CK_BYTE_MAP ==> 144'h00_00_00_00_00_00_00_00_00_00_00_00_00_00_00_00_00_00
MIG: 17:35:15 :  Invalid Param: DDR3_ADDR_MAP ==> 192'h000_001_005_009_000_011_007_003_004_008_006_00B_01B_015_002_014
MIG: 17:35:15 :  Invalid Param: DDR3_BANK_MAP ==> 36'h010_013_017
MIG: 17:35:15 :  Invalid Param: DDR3_CAS_MAP ==> 12'h016
MIG: 17:35:15 :  Invalid Param: DDR3_CKE_ODT_BYTE_MAP ==> 8'h00
MIG: 17:35:15 :  Invalid Param: DDR3_CKE_MAP ==> 96'h000_000_000_000_000_000_000_012
MIG: 17:35:15 :  Invalid Param: DDR3_ODT_MAP ==> 96'h000_000_000_000_000_000_000_019
MIG: 17:35:15 :  Invalid Param: DDR3_CS_MAP ==> 120'h000_000_000_000_000_000_000_000_000_000
MIG: 17:35:15 :  Invalid Param: DDR3_PARITY_MAP ==> 12'h000
MIG: 17:35:15 :  Invalid Param: DDR3_RAS_MAP ==> 12'h018
MIG: 17:35:15 :  Invalid Param: DDR3_WE_MAP ==> 12'h01A
MIG: 17:35:15 :  Invalid Param: DDR3_DQS_BYTE_MAP ==> 144'h00_00_00_00_00_00_00_00_00_00_00_00_00_00_00_00_03_02
MIG: 17:35:15 :  Invalid Param: DDR3_DATA0_MAP ==> 96'h025_027_023_029_028_024_021_026
MIG: 17:35:15 :  Invalid Param: DDR3_DATA1_MAP ==> 96'h039_035_038_037_034_031_036_030
MIG: 17:35:15 :  Invalid Param: DDR3_DATA2_MAP ==> 96'h000_000_000_000_000_000_000_000
MIG: 17:35:15 :  Invalid Param: DDR3_DATA3_MAP ==> 96'h000_000_000_000_000_000_000_000
MIG: 17:35:15 :  Invalid Param: DDR3_DATA4_MAP ==> 96'h000_000_000_000_000_000_000_000
MIG: 17:35:15 :  Invalid Param: DDR3_DATA5_MAP ==> 96'h000_000_000_000_000_000_000_000
MIG: 17:35:15 :  Invalid Param: DDR3_DATA6_MAP ==> 96'h000_000_000_000_000_000_000_000
MIG: 17:35:15 :  Invalid Param: DDR3_DATA7_MAP ==> 96'h000_000_000_000_000_000_000_000
MIG: 17:35:15 :  Invalid Param: DDR3_DATA8_MAP ==> 96'h000_000_000_000_000_000_000_000
MIG: 17:35:15 :  Invalid Param: DDR3_DATA9_MAP ==> 96'h000_000_000_000_000_000_000_000
MIG: 17:35:15 :  Invalid Param: DDR3_DATA10_MAP ==> 96'h000_000_000_000_000_000_000_000
MIG: 17:35:15 :  Invalid Param: DDR3_DATA11_MAP ==> 96'h000_000_000_000_000_000_000_000
MIG: 17:35:15 :  Invalid Param: DDR3_DATA12_MAP ==> 96'h000_000_000_000_000_000_000_000
MIG: 17:35:15 :  Invalid Param: DDR3_DATA13_MAP ==> 96'h000_000_000_000_000_000_000_000
MIG: 17:35:15 :  Invalid Param: DDR3_DATA14_MAP ==> 96'h000_000_000_000_000_000_000_000
MIG: 17:35:15 :  Invalid Param: DDR3_DATA15_MAP ==> 96'h000_000_000_000_000_000_000_000
MIG: 17:35:15 :  Invalid Param: DDR3_DATA16_MAP ==> 96'h000_000_000_000_000_000_000_000
MIG: 17:35:15 :  Invalid Param: DDR3_DATA17_MAP ==> 96'h000_000_000_000_000_000_000_000
MIG: 17:35:15 :  Invalid Param: DDR3_MASK0_MAP ==> 108'h000_000_000_000_000_000_000_032_022
MIG: 17:35:15 :  Invalid Param: DDR3_MASK1_MAP ==> 108'h000_000_000_000_000_000_000_000_000
MIG: 17:35:15 :  Invalid Param: DDR3_SLOT_0_CONFIG ==> 8'b0000_0001
MIG: 17:35:15 :  Invalid Param: DDR3_SLOT_1_CONFIG ==> 8'b0000_0000
MIG: 17:35:15 :  Invalid Param: DDR3_IBUF_LPWR_MODE ==> "OFF"
MIG: 17:35:15 :  Invalid Param: DDR3_DATA_IO_IDLE_PWRDWN ==> "OFF"
MIG: 17:35:15 :  Invalid Param: DDR3_BANK_TYPE ==> "HR_IO"
MIG: 17:35:15 :  Invalid Param: DDR3_DATA_IO_PRIM_TYPE ==> "DEFAULT"
MIG: 17:35:15 :  Invalid Param: DDR3_CKE_ODT_AUX ==> "FALSE"
MIG: 17:35:15 :  Invalid Param: DDR3_USER_REFRESH ==> "OFF"
MIG: 17:35:15 :  Invalid Param: DDR3_WRLVL ==> "ON"
MIG: 17:35:15 :  Invalid Param: DDR3_ORDERING ==> "NORM"
MIG: 17:35:15 :  Invalid Param: DDR3_CALIB_ROW_ADD ==> 16'h0000
MIG: 17:35:15 :  Invalid Param: DDR3_CALIB_COL_ADD ==> 12'h000
MIG: 17:35:15 :  Invalid Param: DDR3_CALIB_BA_ADD ==> 3'h0
MIG: 17:35:15 :  Invalid Param: DDR3_TCQ ==> 100
MIG: 17:35:15 :  Invalid Param: DDR3_IDELAY_ADJ ==> "OFF"
MIG: 17:35:15 :  Invalid Param: DDR3_FINE_PER_BIT ==> "OFF"
MIG: 17:35:15 :  Invalid Param: DDR3_CENTER_COMP_MODE ==> "OFF"
MIG: 17:35:15 :  Invalid Param: DDR3_PI_VAL_ADJ ==> "OFF"
MIG: 17:35:15 :  Invalid Param: DDR3_IODELAY_GRP0 ==> "MIG_7SERIES_0_IODELAY_MIG0"
MIG: 17:35:15 :  Invalid Param: DDR3_IODELAY_GRP1 ==> "MIG_7SERIES_0_IODELAY_MIG1"
MIG: 17:35:15 :  Invalid Param: DDR3_SYSCLK_TYPE ==> "SINGLE_ENDED"
MIG: 17:35:15 :  Invalid Param: DDR3_REFCLK_TYPE ==> "NO_BUFFER"
MIG: 17:35:15 :  Invalid Param: DDR3_SYS_RST_PORT ==> "FALSE"
MIG: 17:35:15 :  Invalid Param: DDR3_FPGA_SPEED_GRADE ==> 1
MIG: 17:35:15 :  Invalid Param: DDR3_CMD_PIPE_PLUS1 ==> "ON"
MIG: 17:35:15 :  Invalid Param: DDR3_DRAM_TYPE ==> "DDR3"
MIG: 17:35:15 :  Invalid Param: DDR3_CAL_WIDTH ==> "HALF"
MIG: 17:35:15 :  Invalid Param: DDR3_STARVE_LIMIT ==> 2
MIG: 17:35:15 :  Invalid Param: DDR3_REF_CLK_MMCM_IODELAY_CTRL ==> "FALSE"
MIG: 17:35:15 :  Invalid Param: DDR3_REFCLK_FREQ ==> 200.0
MIG: 17:35:15 :  Invalid Param: DDR3_DIFF_TERM_REFCLK ==> "TRUE"
MIG: 17:35:15 :  Invalid Param: DDR3_tCK ==> 2500
MIG: 17:35:15 : 
MIG: 17:35:15 :  Valid Param: DDR3_nCK_PER_CLK ==> 4
MIG: 17:35:15 :  Invalid Param: DDR3_DIFF_TERM_SYSCLK ==> "TRUE"
MIG: 17:35:15 : 
MIG: 17:35:15 :  Valid Param: UI_EXTRA_CLOCKS ==> FALSE
MIG: 17:35:15 : 
MIG: 17:35:15 :  Valid Param: C_S_AXI_ID_WIDTH ==> 2
MIG: 17:35:15 : 
MIG: 17:35:15 :  Valid Param: C_S_AXI_MEM_SIZE ==> 536870912
MIG: 17:35:15 : 
MIG: 17:35:15 :  Valid Param: C_S_AXI_ADDR_WIDTH ==> 29
MIG: 17:35:15 : 128
MIG: 17:35:15 :  Valid Param: C_S_AXI_DATA_WIDTH ==> 128
MIG: 17:35:15 :  Invalid Param: DDR3_C_MC_nCK_PER_CLK ==> 4
MIG: 17:35:15 :  Invalid Param: C_S_AXI_SUPPORTS_NARROW_BURST ==> 0
MIG: 17:35:15 :  Invalid Param: DDR3_C_RD_WR_ARB_ALGORITHM ==> "RD_PRI_REG"
MIG: 17:35:15 :  Invalid Param: C_S_AXI_REG_EN0 ==> 20'h00000
MIG: 17:35:15 :  Invalid Param: C_S_AXI_REG_EN1 ==> 20'h00000
MIG: 17:35:15 : 
MIG: 17:35:15 :  Valid Param: C_S_AXI_CTRL_ADDR_WIDTH ==> 32
MIG: 17:35:15 : 
MIG: 17:35:15 :  Valid Param: C_S_AXI_CTRL_DATA_WIDTH ==> 32
MIG: 17:35:15 :  Invalid Param: C_S_AXI_BASEADDR ==> 32'h0000_0000
MIG: 17:35:15 :  Invalid Param: C_ECC_ONOFF_RESET_VALUE ==> 1
MIG: 17:35:15 :  Invalid Param: C_ECC_CE_COUNTER_WIDTH ==> 8
MIG: 17:35:15 : 
MIG: 17:35:15 :  Valid Param: DDR3_DEBUG_PORT ==> OFF
MIG: 17:35:15 : 
MIG: 17:35:15 :  Invalid Param: DDR3_TEMP_MON_CONTROL ==> "INTERNAL"
MIG: 17:35:15 :  Invalid Param: DDR3_FPGA_VOLT_TYPE ==> "N"
MIG: 17:35:15 :  Invalid Param: DDR3_RST_ACT_LOW ==> 0
MIG: 17:35:15 : 
MIG: 17:35:15 : 
MIG: 17:35:15 : 
MIG: 17:35:15 : Same Interface
MIG: 17:35:39 : Running synthesis.xit
MIG: 17:35:39 : IGN:     <ModuleName>mig_7series_0</ModuleName> <==>     <ModuleName>mig_7series_0</ModuleName> 
MIG: 17:35:39 : IGN:         <InputClkFreq>100</InputClkFreq> <==>         <InputClkFreq>100</InputClkFreq> 
MIG: 17:35:40 : Running vlog_synth_rpr.xit
MIG: 17:35:40 : IGN:     <ModuleName>mig_7series_0</ModuleName> <==>     <ModuleName>mig_7series_0</ModuleName> 
MIG: 17:35:40 : IGN:         <InputClkFreq>100</InputClkFreq> <==>         <InputClkFreq>100</InputClkFreq> 
MIG: 17:35:40 : Running simulation.xit
MIG: 17:35:40 : IGN:     <ModuleName>mig_7series_0</ModuleName> <==>     <ModuleName>mig_7series_0</ModuleName> 
MIG: 17:35:40 : IGN:         <InputClkFreq>100</InputClkFreq> <==>         <InputClkFreq>100</InputClkFreq> 
MIG: 17:35:40 : Running vlog_sim_rpr.xit .. PRASAD DBG1
MIG: 17:35:40 : IGN:     <ModuleName>mig_7series_0</ModuleName> <==>     <ModuleName>mig_7series_0</ModuleName> 
MIG: 17:35:40 : IGN:         <InputClkFreq>100</InputClkFreq> <==>         <InputClkFreq>100</InputClkFreq> 
MIG: 17:35:40 : Running implementation.xit
MIG: 17:35:40 : IGN:     <ModuleName>mig_7series_0</ModuleName> <==>     <ModuleName>mig_7series_0</ModuleName> 
MIG: 17:35:40 : IGN:         <InputClkFreq>100</InputClkFreq> <==>         <InputClkFreq>100</InputClkFreq> 
MIG: 17:54:11 : Running synthesis.xit
MIG: 17:54:11 : ################# RUNNING MIG BATCH ###################
MIG: 17:54:11 : Writing IN file for 'mig_7series_0'...compDirPath: /home/Xilinx/Vivado/2018.1/data/ip/xilinx/mig_7series_v4_1... instDirPath: /home/tmitsuhashi/bin/vivado_h30/UDP_Image/UDP.srcs/sources_1/ip/mig_7series_0
MIG: 17:54:11 : synp_flow:  -- synthesis_mode: Other
MIG: 17:54:11 : outputDirectory: /home/tmitsuhashi/bin/vivado_h30/UDP_Image/UDP.srcs/sources_1/ip/mig_7series_0/_tmp/
MIG: 17:54:11 : vivado_mode: xpg_pa
MIG: 17:54:11 :  locked false  
MIG: 17:54:11 : HDL Language: Verilog
MIG: 17:54:11 : compInfo: false
MIG: 17:54:11 : Vivado Options xc7a200t sbg484 -1
MIG: 17:54:11 : 1: xc7a200t 2: sbg484 3: -1
MIG: 17:54:11 : relative mig path: coregen/ip/xilinx/other/com/xilinx/ip/mig_7series_v4_1/bin/lin64/mig
MIG: 17:54:11 : xilinx_path: /home/Xilinx/Vivado/2018.1/ids_lite/ISE
MIG: 17:54:11 : I am in catch area
MIG: 17:54:11 : Running /home/Xilinx/Vivado/2018.1/ids_lite/ISE/coregen/ip/xilinx/other/com/xilinx/ip/mig_7series_v4_1/bin/lin64/mig -cg_exc_inp /home/tmitsuhashi/bin/vivado_h30/UDP_Image/UDP.srcs/sources_1/ip/mig_7series_0/xil_txt.in -cg_exc_out /home/tmitsuhashi/bin/vivado_h30/UDP_Image/UDP.srcs/sources_1/ip/mig_7series_0/xil_txt.out ... 
MIG: 17:54:19 : XML_INPUT_FILE: /home/tmitsuhashi/bin/vivado_h30/UDP_Image/UDP.srcs/sources_1/ip/mig_7series_0/mig_b.prj
MIG: 17:54:19 : Component_Name: mig_7series_0
MIG: 17:54:19 : Moving mig_7series_0 ...
MIG: 17:54:19 : Moving mig_7series_0.veo ...
MIG: 17:54:19 : Moving mig_7series_0_xmdf.tcl ...
MIG: 17:54:19 : Running vlog_synth_rpr.xit
MIG: 17:54:19 : IGN:     <ModuleName>mig_7series_0</ModuleName> <==>     <ModuleName>mig_7series_0</ModuleName> 
MIG: 17:54:19 : IGN:         <InputClkFreq>100</InputClkFreq> <==>         <InputClkFreq>100</InputClkFreq> 
MIG: 17:54:19 : ERR:             <Pin PADName="R4(MRCC_P)" Bank="34" name="sys_clk_i" /> <==>             <Pin PADName="R4" Bank="34" name="sys_clk_i" /> 
MIG: 17:54:19 : ################# RUNNING MIG BATCH ###################
MIG: 17:54:19 : Writing IN file for 'mig_7series_0'...compDirPath: /home/Xilinx/Vivado/2018.1/data/ip/xilinx/mig_7series_v4_1... instDirPath: /home/tmitsuhashi/bin/vivado_h30/UDP_Image/UDP.srcs/sources_1/ip/mig_7series_0
MIG: 17:54:19 : synp_flow:  -- synthesis_mode: Other
MIG: 17:54:19 : outputDirectory: /home/tmitsuhashi/bin/vivado_h30/UDP_Image/UDP.srcs/sources_1/ip/mig_7series_0/_tmp/
MIG: 17:54:19 : vivado_mode: xpg_pa
MIG: 17:54:19 :  locked false  
MIG: 17:54:19 : HDL Language: Verilog
MIG: 17:54:19 : compInfo: false
MIG: 17:54:19 : Vivado Options xc7a200t sbg484 -1
MIG: 17:54:19 : 1: xc7a200t 2: sbg484 3: -1
MIG: 17:54:19 : relative mig path: coregen/ip/xilinx/other/com/xilinx/ip/mig_7series_v4_1/bin/lin64/mig
MIG: 17:54:19 : xilinx_path: /home/Xilinx/Vivado/2018.1/ids_lite/ISE
MIG: 17:54:19 : I am in catch area
MIG: 17:54:19 : Running /home/Xilinx/Vivado/2018.1/ids_lite/ISE/coregen/ip/xilinx/other/com/xilinx/ip/mig_7series_v4_1/bin/lin64/mig -cg_exc_inp /home/tmitsuhashi/bin/vivado_h30/UDP_Image/UDP.srcs/sources_1/ip/mig_7series_0/xil_txt.in -cg_exc_out /home/tmitsuhashi/bin/vivado_h30/UDP_Image/UDP.srcs/sources_1/ip/mig_7series_0/xil_txt.out ... 
MIG: 17:54:27 : XML_INPUT_FILE: /home/tmitsuhashi/bin/vivado_h30/UDP_Image/UDP.srcs/sources_1/ip/mig_7series_0/mig_b.prj
MIG: 17:54:27 : Component_Name: mig_7series_0
MIG: 17:54:27 : Moving mig_7series_0 ...
MIG: 17:54:27 : Moving mig_7series_0.veo ...
MIG: 17:54:27 : Moving mig_7series_0_xmdf.tcl ...
MIG: 17:54:27 : Running implementation.xit
MIG: 17:54:27 : IGN:     <ModuleName>mig_7series_0</ModuleName> <==>     <ModuleName>mig_7series_0</ModuleName> 
MIG: 17:54:27 : IGN:         <InputClkFreq>100</InputClkFreq> <==>         <InputClkFreq>100</InputClkFreq> 
MIG: 17:54:27 : ERR:             <Pin PADName="R4(MRCC_P)" Bank="34" name="sys_clk_i" /> <==>             <Pin PADName="R4" Bank="34" name="sys_clk_i" /> 
MIG: 17:54:27 : ################# RUNNING MIG BATCH ###################
MIG: 17:54:27 : Writing IN file for 'mig_7series_0'...compDirPath: /home/Xilinx/Vivado/2018.1/data/ip/xilinx/mig_7series_v4_1... instDirPath: /home/tmitsuhashi/bin/vivado_h30/UDP_Image/UDP.srcs/sources_1/ip/mig_7series_0
MIG: 17:54:27 : synp_flow:  -- synthesis_mode: Other
MIG: 17:54:27 : outputDirectory: /home/tmitsuhashi/bin/vivado_h30/UDP_Image/UDP.srcs/sources_1/ip/mig_7series_0/_tmp/
MIG: 17:54:27 : vivado_mode: xpg_pa
MIG: 17:54:27 :  locked false  
MIG: 17:54:27 : HDL Language: Verilog
MIG: 17:54:27 : compInfo: false
MIG: 17:54:27 : Vivado Options xc7a200t sbg484 -1
MIG: 17:54:27 : 1: xc7a200t 2: sbg484 3: -1
MIG: 17:54:27 : relative mig path: coregen/ip/xilinx/other/com/xilinx/ip/mig_7series_v4_1/bin/lin64/mig
MIG: 17:54:27 : xilinx_path: /home/Xilinx/Vivado/2018.1/ids_lite/ISE
MIG: 17:54:27 : I am in catch area
MIG: 17:54:27 : Running /home/Xilinx/Vivado/2018.1/ids_lite/ISE/coregen/ip/xilinx/other/com/xilinx/ip/mig_7series_v4_1/bin/lin64/mig -cg_exc_inp /home/tmitsuhashi/bin/vivado_h30/UDP_Image/UDP.srcs/sources_1/ip/mig_7series_0/xil_txt.in -cg_exc_out /home/tmitsuhashi/bin/vivado_h30/UDP_Image/UDP.srcs/sources_1/ip/mig_7series_0/xil_txt.out ... 
MIG: 17:54:35 : XML_INPUT_FILE: /home/tmitsuhashi/bin/vivado_h30/UDP_Image/UDP.srcs/sources_1/ip/mig_7series_0/mig_b.prj
MIG: 17:54:35 : Component_Name: mig_7series_0
MIG: 17:54:35 : Moving mig_7series_0 ...
MIG: 17:54:35 : Moving mig_7series_0.veo ...
MIG: 17:54:35 : Moving mig_7series_0_xmdf.tcl ...
MIG: 18:04:49 : Running simulation.xit
MIG: 18:04:49 : ################# RUNNING MIG BATCH ###################
MIG: 18:04:49 : Writing IN file for 'mig_7series_0'...compDirPath: /home/Xilinx/Vivado/2018.1/data/ip/xilinx/mig_7series_v4_1... instDirPath: /home/tmitsuhashi/bin/vivado_h30/UDP_Image/UDP.srcs/sources_1/ip/mig_7series_0
MIG: 18:04:49 : synp_flow:  -- synthesis_mode: Other
MIG: 18:04:49 : outputDirectory: /home/tmitsuhashi/bin/vivado_h30/UDP_Image/UDP.srcs/sources_1/ip/mig_7series_0/_tmp/
MIG: 18:04:49 : vivado_mode: xpg_pa
MIG: 18:04:49 :  locked false  
MIG: 18:04:49 : HDL Language: Verilog
MIG: 18:04:49 : compInfo: false
MIG: 18:04:49 : Vivado Options xc7a200t sbg484 -1
MIG: 18:04:49 : 1: xc7a200t 2: sbg484 3: -1
MIG: 18:04:49 : relative mig path: coregen/ip/xilinx/other/com/xilinx/ip/mig_7series_v4_1/bin/lin64/mig
MIG: 18:04:49 : xilinx_path: /home/Xilinx/Vivado/2018.1/ids_lite/ISE
MIG: 18:04:49 : I am in catch area
MIG: 18:04:49 : Running /home/Xilinx/Vivado/2018.1/ids_lite/ISE/coregen/ip/xilinx/other/com/xilinx/ip/mig_7series_v4_1/bin/lin64/mig -cg_exc_inp /home/tmitsuhashi/bin/vivado_h30/UDP_Image/UDP.srcs/sources_1/ip/mig_7series_0/xil_txt.in -cg_exc_out /home/tmitsuhashi/bin/vivado_h30/UDP_Image/UDP.srcs/sources_1/ip/mig_7series_0/xil_txt.out ... 
MIG: 18:04:57 : XML_INPUT_FILE: /home/tmitsuhashi/bin/vivado_h30/UDP_Image/UDP.srcs/sources_1/ip/mig_7series_0/mig_b.prj
MIG: 18:04:57 : Component_Name: mig_7series_0
MIG: 18:04:57 : Moving mig_7series_0 ...
MIG: 18:04:57 : Moving mig_7series_0.veo ...
MIG: 18:04:57 : Moving mig_7series_0_xmdf.tcl ...
MIG: 18:04:57 : Running vlog_sim_rpr.xit .. PRASAD DBG1
MIG: 18:04:57 : IGN:     <ModuleName>mig_7series_0</ModuleName> <==>     <ModuleName>mig_7series_0</ModuleName> 
MIG: 18:04:57 : IGN:         <InputClkFreq>100</InputClkFreq> <==>         <InputClkFreq>100</InputClkFreq> 
MIG: 18:04:57 : ERR:             <Pin PADName="R4(MRCC_P)" Bank="34" name="sys_clk_i" /> <==>             <Pin PADName="R4" Bank="34" name="sys_clk_i" /> 
MIG: 18:04:57 : ################# RUNNING MIG BATCH ###################
MIG: 18:04:57 : Writing IN file for 'mig_7series_0'...compDirPath: /home/Xilinx/Vivado/2018.1/data/ip/xilinx/mig_7series_v4_1... instDirPath: /home/tmitsuhashi/bin/vivado_h30/UDP_Image/UDP.srcs/sources_1/ip/mig_7series_0
MIG: 18:04:57 : synp_flow:  -- synthesis_mode: Other
MIG: 18:04:57 : outputDirectory: /home/tmitsuhashi/bin/vivado_h30/UDP_Image/UDP.srcs/sources_1/ip/mig_7series_0/_tmp/
MIG: 18:04:57 : vivado_mode: xpg_pa
MIG: 18:04:57 :  locked false  
MIG: 18:04:57 : HDL Language: Verilog
MIG: 18:04:57 : compInfo: false
MIG: 18:04:57 : Vivado Options xc7a200t sbg484 -1
MIG: 18:04:57 : 1: xc7a200t 2: sbg484 3: -1
MIG: 18:04:57 : relative mig path: coregen/ip/xilinx/other/com/xilinx/ip/mig_7series_v4_1/bin/lin64/mig
MIG: 18:04:57 : xilinx_path: /home/Xilinx/Vivado/2018.1/ids_lite/ISE
MIG: 18:04:57 : I am in catch area
MIG: 18:04:57 : Running /home/Xilinx/Vivado/2018.1/ids_lite/ISE/coregen/ip/xilinx/other/com/xilinx/ip/mig_7series_v4_1/bin/lin64/mig -cg_exc_inp /home/tmitsuhashi/bin/vivado_h30/UDP_Image/UDP.srcs/sources_1/ip/mig_7series_0/xil_txt.in -cg_exc_out /home/tmitsuhashi/bin/vivado_h30/UDP_Image/UDP.srcs/sources_1/ip/mig_7series_0/xil_txt.out ... 
MIG: 18:05:05 : XML_INPUT_FILE: /home/tmitsuhashi/bin/vivado_h30/UDP_Image/UDP.srcs/sources_1/ip/mig_7series_0/mig_b.prj
MIG: 18:05:05 : Component_Name: mig_7series_0
MIG: 18:05:05 : Moving mig_7series_0 ...
MIG: 18:05:05 : Moving mig_7series_0.veo ...
MIG: 18:05:05 : Moving mig_7series_0_xmdf.tcl ...
